[30-Sep-2022 22:05:31] NOTICE: fpm is running, pid 16282
[30-Sep-2022 22:05:31] NOTICE: ready to handle connections
[30-Sep-2022 22:43:38] NOTICE: Terminating ...
[30-Sep-2022 22:43:38] NOTICE: Terminating ...
[30-Sep-2022 22:43:38] NOTICE: exiting, bye-bye!
[01-Oct-2022 19:38:38] NOTICE: fpm is running, pid 22328
[01-Oct-2022 19:38:38] NOTICE: ready to handle connections
[01-Oct-2022 20:03:59] NOTICE: Terminating ...
[01-Oct-2022 20:03:59] NOTICE: Terminating ...
[01-Oct-2022 20:03:59] NOTICE: exiting, bye-bye!
[01-Oct-2022 20:11:42] NOTICE: fpm is running, pid 23302
[01-Oct-2022 20:11:42] NOTICE: ready to handle connections
[01-Oct-2022 20:22:39] NOTICE: Terminating ...
[01-Oct-2022 20:22:39] NOTICE: Terminating ...
[01-Oct-2022 20:22:39] NOTICE: exiting, bye-bye!
[01-Oct-2022 20:23:51] NOTICE: fpm is running, pid 23835
[01-Oct-2022 20:23:51] NOTICE: ready to handle connections
[01-Oct-2022 20:24:10] NOTICE: Terminating ...
[01-Oct-2022 20:24:10] NOTICE: Terminating ...
[01-Oct-2022 20:24:10] NOTICE: exiting, bye-bye!
[01-Oct-2022 20:28:28] NOTICE: fpm is running, pid 24135
[01-Oct-2022 20:28:28] NOTICE: ready to handle connections
[01-Oct-2022 22:09:24] NOTICE: Terminating ...
[01-Oct-2022 22:09:24] NOTICE: Terminating ...
[01-Oct-2022 22:09:24] NOTICE: exiting, bye-bye!
[03-Oct-2022 11:04:03] NOTICE: fpm is running, pid 4412
[03-Oct-2022 11:04:03] NOTICE: ready to handle connections
[03-Oct-2022 12:04:15] NOTICE: Terminating ...
[03-Oct-2022 12:04:15] NOTICE: Terminating ...
[03-Oct-2022 12:04:15] NOTICE: exiting, bye-bye!
[05-Oct-2022 11:11:35] NOTICE: fpm is running, pid 4494
[05-Oct-2022 11:11:35] NOTICE: ready to handle connections
[05-Oct-2022 12:43:26] NOTICE: Terminating ...
[05-Oct-2022 12:43:26] NOTICE: Terminating ...
[05-Oct-2022 12:43:26] NOTICE: exiting, bye-bye!
[06-Oct-2022 21:14:35] NOTICE: fpm is running, pid 7543
[06-Oct-2022 21:14:35] NOTICE: ready to handle connections
[06-Oct-2022 21:37:09] NOTICE: Terminating ...
[06-Oct-2022 21:37:09] NOTICE: Terminating ...
[06-Oct-2022 21:37:09] NOTICE: exiting, bye-bye!
[12-Oct-2022 22:08:26] NOTICE: fpm is running, pid 10173
[12-Oct-2022 22:08:26] NOTICE: ready to handle connections
[12-Oct-2022 22:31:59] NOTICE: Terminating ...
[12-Oct-2022 22:31:59] NOTICE: Terminating ...
[12-Oct-2022 22:31:59] NOTICE: exiting, bye-bye!
[21-Oct-2022 12:06:46] NOTICE: fpm is running, pid 7667
[21-Oct-2022 12:06:46] NOTICE: ready to handle connections
